<?xml version="1.0" encoding="UTF-8"?>
<!-- Generated by org.testng.reporters.JUnitXMLReporter -->
<testsuite ignored="12" hostname="192-168-1-108.tpgi.com.au" failures="1" tests="2" name="parallelMethods-Test" time="13.466" errors="0" timestamp="2023-03-19T11:53:38 AEDT">
  <testcase classname="com.SampleProject.scrp.LoginTest" name="verifyLoginValidUserValidPassword" time="0.079">
    <failure type="java.io.FileNotFoundException" message="/Users/Sanoob/Documents/workspace1/SampleProject/src/main/resources/excelreader/Book1.xlsx (No such file or directory)">
      <![CDATA[java.io.FileNotFoundException: /Users/Sanoob/Documents/workspace1/SampleProject/src/main/resources/excelreader/Book1.xlsx (No such file or directory)
at java.base/java.io.FileInputStream.open0(Native Method)
at java.base/java.io.FileInputStream.open(FileInputStream.java:216)
at java.base/java.io.FileInputStream.<init>(FileInputStream.java:157)
at java.base/java.io.FileInputStream.<init>(FileInputStream.java:111)
at com.SampleProject.Utilities.ExcelUtilities.getCellStringData(ExcelUtilities.java:19)
at com.SampleProject.scrp.LoginTest.verifyLoginValidUserValidPassword(LoginTest.java:70)
at java.base/java.util.concurrent.ThreadPoolExecutor.runWorker(ThreadPoolExecutor.java:1136)
at java.base/java.util.concurrent.ThreadPoolExecutor$Worker.run(ThreadPoolExecutor.java:635)
at java.base/java.lang.Thread.run(Thread.java:833)
... Removed 12 stack frames]]>
    </failure>
  </testcase> <!-- verifyLoginValidUserValidPassword -->
  <testcase classname="com.SampleProject.scrp.FlightTest" name="verifyRoundTripStatus" time="2.001"/>
  <testcase classname="com.SampleProject.scrp.LoginTest" name="verifyLoginInvalidUserInvalidPassword" time="0.0">
    <ignored/>
  </testcase> <!-- verifyLoginInvalidUserInvalidPassword -->
  <testcase classname="com.SampleProject.scrp.FlightTest" name="verifyDeparturePlace" time="0.0">
    <ignored/>
  </testcase> <!-- verifyDeparturePlace -->
  <testcase classname="com.SampleProject.scrp.FlightTest" name="verifyPassengerCount" time="0.0">
    <ignored/>
  </testcase> <!-- verifyPassengerCount -->
  <testcase classname="com.SampleProject.scrp.LoginTest" name="verifyLoginValidUserInvalidPassword" time="0.0">
    <ignored/>
  </testcase> <!-- verifyLoginValidUserInvalidPassword -->
  <testcase classname="com.SampleProject.scrp.FlightTest" name="verifyDepartureMonth" time="0.0">
    <ignored/>
  </testcase> <!-- verifyDepartureMonth -->
  <testcase classname="com.SampleProject.scrp.FlightTest" name="verifyBussinessClassButtonEnabled" time="0.0">
    <ignored/>
  </testcase> <!-- verifyBussinessClassButtonEnabled -->
  <testcase classname="com.SampleProject.Base.TestBase" name="@AfterTest afterTest" time="0.0">
    <ignored/>
  </testcase> <!-- @AfterTest afterTest -->
  <testcase classname="com.SampleProject.scrp.LoginTest" name="verifyLoginInvalidUserValidPassword" time="0.0">
    <ignored/>
  </testcase> <!-- verifyLoginInvalidUserValidPassword -->
  <testcase classname="com.SampleProject.Base.TestBase" name="testBase" time="0.0">
    <ignored/>
  </testcase> <!-- testBase -->
  <testcase classname="com.SampleProject.scrp.FlightTest" name="verifyOnewayButtonEnabled" time="0.0">
    <ignored/>
  </testcase> <!-- verifyOnewayButtonEnabled -->
  <testcase classname="com.SampleProject.Base.TestBase" name="testBase" time="0.0">
    <ignored/>
  </testcase> <!-- testBase -->
  <testcase classname="com.SampleProject.Base.TestBase" name="@BeforeTest beforeTest" time="0.0">
    <ignored/>
  </testcase> <!-- @BeforeTest beforeTest -->
</testsuite> <!-- parallelMethods-Test -->
