<html>
<head>
<title>TestNG:  Test2</title>
<link href="../testng.css" rel="stylesheet" type="text/css" />
<link href="../my-testng.css" rel="stylesheet" type="text/css" />

<style type="text/css">
.log { display: none;} 
.stack-trace { display: none;} 
</style>
<script type="text/javascript">
<!--
function flip(e) {
  current = e.style.display;
  if (current == 'block') {
    e.style.display = 'none';
    return 0;
  }
  else {
    e.style.display = 'block';
    return 1;
  }
}

function toggleBox(szDivId, elem, msg1, msg2)
{
  var res = -1;  if (document.getElementById) {
    res = flip(document.getElementById(szDivId));
  }
  else if (document.all) {
    // this is the way old msie versions work
    res = flip(document.all[szDivId]);
  }
  if(elem) {
    if(res == 0) elem.innerHTML = msg1; else elem.innerHTML = msg2;
  }

}

function toggleAllBoxes() {
  if (document.getElementsByTagName) {
    d = document.getElementsByTagName('div');
    for (i = 0; i < d.length; i++) {
      if (d[i].className == 'log') {
        flip(d[i]);
      }
    }
  }
}

// -->
</script>

</head>
<body>
<h2 align='center'>Test2</h2><table border='1' align="center">
<tr>
<td>Tests passed/Failed/Skipped:</td><td>0/0/1</td>
</tr><tr>
<td>Started on:</td><td>Mon Mar 20 18:21:07 AEDT 2023</td>
</tr>
<tr><td>Total time:</td><td>0 seconds (843 ms)</td>
</tr><tr>
<td>Included groups:</td><td></td>
</tr><tr>
<td>Excluded groups:</td><td></td>
</tr>
</table><p/>
<small><i>(Hover the method name to see the test class name)</i></small><p/>
<table width='100%' border='1' class='invocation-failed'>
<tr><td colspan='4' align='center'><b>FAILED CONFIGURATIONS</b></td></tr>
<tr><td><b>Test method</b></td>
<td width="30%"><b>Exception</b></td>
<td width="10%"><b>Time (seconds)</b></td>
<td><b>Instance</b></td>
</tr>
<tr>
<td title='com.SampleProject.Base.TestBase.beforeTest()'><b>beforeTest</b><br>Test class: com.SampleProject.Base.TestBase<br>Parameters: safari</td>
<td><div><pre>org.openqa.selenium.SessionNotCreatedException: Could not start a new session. Possible causes are invalid address of the remote server or browser start-up failure.
	at org.openqa.selenium.remote.RemoteWebDriver.execute(RemoteWebDriver.java:565)
	at org.openqa.selenium.remote.RemoteWebDriver.startSession(RemoteWebDriver.java:242)
	at org.openqa.selenium.remote.RemoteWebDriver.&lt;init&gt;(RemoteWebDriver.java:157)
	at org.openqa.selenium.safari.SafariDriver.&lt;init&gt;(SafariDriver.java:79)
	at org.openqa.selenium.safari.SafariDriver.&lt;init&gt;(SafariDriver.java:58)
	at org.openqa.selenium.safari.SafariDriver.&lt;init&gt;(SafariDriver.java:49)
	at com.SampleProject.Base.TestBase.beforeTest(TestBase.java:92)
Caused by: org.openqa.selenium.WebDriverException: Timed out waiting for driver server to start.
Build info: version: &apos;4.4.0&apos;, revision: &apos;e5c75ed026a&apos;
System info: host: &apos;192-168-1-108.tpgi.com.au&apos;, ip: &apos;fe80:0:0:0:45d:77d3:eb13:49cf%en0&apos;, os.name: &apos;Mac OS X&apos;, os.arch: &apos;x86_64&apos;, os.version: &apos;12.6.3&apos;, java.version: &apos;17.0.5&apos;
Driver info: driver.version: SafariDriver
	at org.openqa.selenium.remote.service.DriverService.start(DriverService.java:230)
	at org.openqa.selenium.remote.service.DriverCommandExecutor.execute(DriverCommandExecutor.java:98)
	at org.openqa.selenium.remote.RemoteWebDriver.execute(RemoteWebDriver.java:547)
	... 30 more
Caused by: java.util.concurrent.ExecutionException: org.openqa.selenium.WebDriverException: java.io.UncheckedIOException: java.net.SocketException: Invalid argument
Build info: version: &apos;4.4.0&apos;, revision: &apos;e5c75ed026a&apos;
System info: host: &apos;192-168-1-108.tpgi.com.au&apos;, ip: &apos;fe80:0:0:0:45d:77d3:eb13:49cf%en0&apos;, os.name: &apos;Mac OS X&apos;, os.arch: &apos;x86_64&apos;, os.version: &apos;12.6.3&apos;, java.version: &apos;17.0.5&apos;
Driver info: driver.version: unknown
	at java.base/java.util.concurrent.CompletableFuture.reportGet(CompletableFuture.java:396)
	at java.base/java.util.concurrent.CompletableFuture.get(CompletableFuture.java:2096)
	at org.openqa.selenium.remote.service.DriverService.start(DriverService.java:220)
	... 32 more
Caused by: org.openqa.selenium.WebDriverException: java.io.UncheckedIOException: java.net.SocketException: Invalid argument
Build info: version: &apos;4.4.0&apos;, revision: &apos;e5c75ed026a&apos;
System info: host: &apos;192-168-1-108.tpgi.com.au&apos;, ip: &apos;fe80:0:0:0:45d:77d3:eb13:49cf%en0&apos;, os.name: &apos;Mac OS X&apos;, os.arch: &apos;x86_64&apos;, os.version: &apos;12.6.3&apos;, java.version: &apos;17.0.5&apos;
Driver info: driver.version: unknown
	at org.openqa.selenium.safari.SafariDriverService.waitUntilAvailable(SafariDriverService.java:75)
	at org.openqa.selenium.remote.service.DriverService.lambda$start$1(DriverService.java:205)
	at java.base/java.util.concurrent.CompletableFuture$AsyncSupply.run(CompletableFuture.java:1768)
	at java.base/java.util.concurrent.ThreadPoolExecutor.runWorker(ThreadPoolExecutor.java:1136)
	at java.base/java.util.concurrent.ThreadPoolExecutor$Worker.run(ThreadPoolExecutor.java:635)
	at java.base/java.lang.Thread.run(Thread.java:833)
Caused by: java.io.UncheckedIOException: java.net.SocketException: Invalid argument
	at org.openqa.selenium.net.PortProber.waitForPortUp(PortProber.java:116)
	at org.openqa.selenium.safari.SafariDriverService.waitUntilAvailable(SafariDriverService.java:73)
	... 5 more
Caused by: java.net.SocketException: Invalid argument
	at java.base/sun.nio.ch.Net.connect0(Native Method)
	at java.base/sun.nio.ch.Net.connect(Net.java:579)
	at java.base/sun.nio.ch.Net.connect(Net.java:568)
	at java.base/sun.nio.ch.NioSocketImpl.connect(NioSocketImpl.java:588)
	at java.base/java.net.SocksSocketImpl.connect(SocksSocketImpl.java:327)
	at java.base/java.net.Socket.connect(Socket.java:633)
	at org.openqa.selenium.net.PortProber.waitForPortUp(PortProber.java:111)
	... 6 more
... Removed 24 stack frames</pre></div><a href='#' onClick='toggleBox("stack-trace1021592569", this, "Click to show all stack frames", "Click to hide stack frames")'>Click to show all stack frames</a>
<div class='stack-trace' id='stack-trace1021592569'><pre>org.openqa.selenium.SessionNotCreatedException: Could not start a new session. Possible causes are invalid address of the remote server or browser start-up failure.
	at org.openqa.selenium.remote.RemoteWebDriver.execute(RemoteWebDriver.java:565)
	at org.openqa.selenium.remote.RemoteWebDriver.startSession(RemoteWebDriver.java:242)
	at org.openqa.selenium.remote.RemoteWebDriver.&lt;init&gt;(RemoteWebDriver.java:157)
	at org.openqa.selenium.safari.SafariDriver.&lt;init&gt;(SafariDriver.java:79)
	at org.openqa.selenium.safari.SafariDriver.&lt;init&gt;(SafariDriver.java:58)
	at org.openqa.selenium.safari.SafariDriver.&lt;init&gt;(SafariDriver.java:49)
	at com.SampleProject.Base.TestBase.beforeTest(TestBase.java:92)
	at java.base/jdk.internal.reflect.NativeMethodAccessorImpl.invoke0(Native Method)
	at java.base/jdk.internal.reflect.NativeMethodAccessorImpl.invoke(NativeMethodAccessorImpl.java:77)
	at java.base/jdk.internal.reflect.DelegatingMethodAccessorImpl.invoke(DelegatingMethodAccessorImpl.java:43)
	at java.base/java.lang.reflect.Method.invoke(Method.java:568)
	at org.testng.internal.MethodInvocationHelper.invokeMethod(MethodInvocationHelper.java:133)
	at org.testng.internal.MethodInvocationHelper.invokeMethodConsideringTimeout(MethodInvocationHelper.java:62)
	at org.testng.internal.ConfigInvoker.invokeConfigurationMethod(ConfigInvoker.java:385)
	at org.testng.internal.ConfigInvoker.invokeConfigurations(ConfigInvoker.java:321)
	at org.testng.TestRunner.invokeTestConfigurations(TestRunner.java:637)
	at org.testng.TestRunner.beforeRun(TestRunner.java:627)
	at org.testng.TestRunner.run(TestRunner.java:589)
	at org.testng.SuiteRunner.runTest(SuiteRunner.java:377)
	at org.testng.SuiteRunner.runSequentially(SuiteRunner.java:371)
	at org.testng.SuiteRunner.privateRun(SuiteRunner.java:332)
	at org.testng.SuiteRunner.run(SuiteRunner.java:276)
	at org.testng.SuiteRunnerWorker.runSuite(SuiteRunnerWorker.java:53)
	at org.testng.SuiteRunnerWorker.run(SuiteRunnerWorker.java:96)
	at org.testng.TestNG.runSuitesSequentially(TestNG.java:1212)
	at org.testng.TestNG.runSuitesLocally(TestNG.java:1134)
	at org.testng.TestNG.runSuites(TestNG.java:1063)
	at org.testng.TestNG.run(TestNG.java:1031)
	at org.testng.remote.AbstractRemoteTestNG.run(AbstractRemoteTestNG.java:115)
	at org.testng.remote.RemoteTestNG.initAndRun(RemoteTestNG.java:251)
	at org.testng.remote.RemoteTestNG.main(RemoteTestNG.java:77)
Caused by: org.openqa.selenium.WebDriverException: Timed out waiting for driver server to start.
Build info: version: &apos;4.4.0&apos;, revision: &apos;e5c75ed026a&apos;
System info: host: &apos;192-168-1-108.tpgi.com.au&apos;, ip: &apos;fe80:0:0:0:45d:77d3:eb13:49cf%en0&apos;, os.name: &apos;Mac OS X&apos;, os.arch: &apos;x86_64&apos;, os.version: &apos;12.6.3&apos;, java.version: &apos;17.0.5&apos;
Driver info: driver.version: SafariDriver
	at org.openqa.selenium.remote.service.DriverService.start(DriverService.java:230)
	at org.openqa.selenium.remote.service.DriverCommandExecutor.execute(DriverCommandExecutor.java:98)
	at org.openqa.selenium.remote.RemoteWebDriver.execute(RemoteWebDriver.java:547)
	... 30 more
Caused by: java.util.concurrent.ExecutionException: org.openqa.selenium.WebDriverException: java.io.UncheckedIOException: java.net.SocketException: Invalid argument
Build info: version: &apos;4.4.0&apos;, revision: &apos;e5c75ed026a&apos;
System info: host: &apos;192-168-1-108.tpgi.com.au&apos;, ip: &apos;fe80:0:0:0:45d:77d3:eb13:49cf%en0&apos;, os.name: &apos;Mac OS X&apos;, os.arch: &apos;x86_64&apos;, os.version: &apos;12.6.3&apos;, java.version: &apos;17.0.5&apos;
Driver info: driver.version: unknown
	at java.base/java.util.concurrent.CompletableFuture.reportGet(CompletableFuture.java:396)
	at java.base/java.util.concurrent.CompletableFuture.get(CompletableFuture.java:2096)
	at org.openqa.selenium.remote.service.DriverService.start(DriverService.java:220)
	... 32 more
Caused by: org.openqa.selenium.WebDriverException: java.io.UncheckedIOException: java.net.SocketException: Invalid argument
Build info: version: &apos;4.4.0&apos;, revision: &apos;e5c75ed026a&apos;
System info: host: &apos;192-168-1-108.tpgi.com.au&apos;, ip: &apos;fe80:0:0:0:45d:77d3:eb13:49cf%en0&apos;, os.name: &apos;Mac OS X&apos;, os.arch: &apos;x86_64&apos;, os.version: &apos;12.6.3&apos;, java.version: &apos;17.0.5&apos;
Driver info: driver.version: unknown
	at org.openqa.selenium.safari.SafariDriverService.waitUntilAvailable(SafariDriverService.java:75)
	at org.openqa.selenium.remote.service.DriverService.lambda$start$1(DriverService.java:205)
	at java.base/java.util.concurrent.CompletableFuture$AsyncSupply.run(CompletableFuture.java:1768)
	at java.base/java.util.concurrent.ThreadPoolExecutor.runWorker(ThreadPoolExecutor.java:1136)
	at java.base/java.util.concurrent.ThreadPoolExecutor$Worker.run(ThreadPoolExecutor.java:635)
	at java.base/java.lang.Thread.run(Thread.java:833)
Caused by: java.io.UncheckedIOException: java.net.SocketException: Invalid argument
	at org.openqa.selenium.net.PortProber.waitForPortUp(PortProber.java:116)
	at org.openqa.selenium.safari.SafariDriverService.waitUntilAvailable(SafariDriverService.java:73)
	... 5 more
Caused by: java.net.SocketException: Invalid argument
	at java.base/sun.nio.ch.Net.connect0(Native Method)
	at java.base/sun.nio.ch.Net.connect(Net.java:579)
	at java.base/sun.nio.ch.Net.connect(Net.java:568)
	at java.base/sun.nio.ch.NioSocketImpl.connect(NioSocketImpl.java:588)
	at java.base/java.net.SocksSocketImpl.connect(SocksSocketImpl.java:327)
	at java.base/java.net.Socket.connect(Socket.java:633)
	at org.openqa.selenium.net.PortProber.waitForPortUp(PortProber.java:111)
	... 6 more
</pre></div></td>
<td>0</td>
<td>com.SampleProject.Base.TestBase@895e367</td></tr>
</table><p>
<table width='100%' border='1' class='invocation-skipped'>
<tr><td colspan='4' align='center'><b>SKIPPED CONFIGURATIONS</b></td></tr>
<tr><td><b>Test method</b></td>
<td width="30%"><b>Exception</b></td>
<td width="10%"><b>Time (seconds)</b></td>
<td><b>Instance</b></td>
</tr>
<tr>
<td title='com.SampleProject.Base.TestBase.afterMethod()'><b>afterMethod</b><br>Test class: com.SampleProject.Base.TestBase</td>
<td></td>
<td>-1679296867</td>
<td>com.SampleProject.Base.TestBase@895e367</td></tr>
<tr>
<td title='com.SampleProject.Base.TestBase.afterTest()'><b>afterTest</b><br>Test class: com.SampleProject.Base.TestBase</td>
<td></td>
<td>-1679296867</td>
<td>com.SampleProject.Base.TestBase@895e367</td></tr>
</table><p>
<table width='100%' border='1' class='invocation-skipped'>
<tr><td colspan='4' align='center'><b>SKIPPED TESTS</b></td></tr>
<tr><td><b>Test method</b></td>
<td width="30%"><b>Exception</b></td>
<td width="10%"><b>Time (seconds)</b></td>
<td><b>Instance</b></td>
</tr>
<tr>
<td title='com.SampleProject.Base.TestBase.testBase()'><b>testBase</b><br>Test class: com.SampleProject.Base.TestBase</td>
<td><div><pre>org.openqa.selenium.SessionNotCreatedException: Could not start a new session. Possible causes are invalid address of the remote server or browser start-up failure.
	at org.openqa.selenium.remote.RemoteWebDriver.execute(RemoteWebDriver.java:565)
	at org.openqa.selenium.remote.RemoteWebDriver.startSession(RemoteWebDriver.java:242)
	at org.openqa.selenium.remote.RemoteWebDriver.&lt;init&gt;(RemoteWebDriver.java:157)
	at org.openqa.selenium.safari.SafariDriver.&lt;init&gt;(SafariDriver.java:79)
	at org.openqa.selenium.safari.SafariDriver.&lt;init&gt;(SafariDriver.java:58)
	at org.openqa.selenium.safari.SafariDriver.&lt;init&gt;(SafariDriver.java:49)
	at com.SampleProject.Base.TestBase.beforeTest(TestBase.java:92)
Caused by: org.openqa.selenium.WebDriverException: Timed out waiting for driver server to start.
Build info: version: &apos;4.4.0&apos;, revision: &apos;e5c75ed026a&apos;
System info: host: &apos;192-168-1-108.tpgi.com.au&apos;, ip: &apos;fe80:0:0:0:45d:77d3:eb13:49cf%en0&apos;, os.name: &apos;Mac OS X&apos;, os.arch: &apos;x86_64&apos;, os.version: &apos;12.6.3&apos;, java.version: &apos;17.0.5&apos;
Driver info: driver.version: SafariDriver
	at org.openqa.selenium.remote.service.DriverService.start(DriverService.java:230)
	at org.openqa.selenium.remote.service.DriverCommandExecutor.execute(DriverCommandExecutor.java:98)
	at org.openqa.selenium.remote.RemoteWebDriver.execute(RemoteWebDriver.java:547)
	... 30 more
Caused by: java.util.concurrent.ExecutionException: org.openqa.selenium.WebDriverException: java.io.UncheckedIOException: java.net.SocketException: Invalid argument
Build info: version: &apos;4.4.0&apos;, revision: &apos;e5c75ed026a&apos;
System info: host: &apos;192-168-1-108.tpgi.com.au&apos;, ip: &apos;fe80:0:0:0:45d:77d3:eb13:49cf%en0&apos;, os.name: &apos;Mac OS X&apos;, os.arch: &apos;x86_64&apos;, os.version: &apos;12.6.3&apos;, java.version: &apos;17.0.5&apos;
Driver info: driver.version: unknown
	at java.base/java.util.concurrent.CompletableFuture.reportGet(CompletableFuture.java:396)
	at java.base/java.util.concurrent.CompletableFuture.get(CompletableFuture.java:2096)
	at org.openqa.selenium.remote.service.DriverService.start(DriverService.java:220)
	... 32 more
Caused by: org.openqa.selenium.WebDriverException: java.io.UncheckedIOException: java.net.SocketException: Invalid argument
Build info: version: &apos;4.4.0&apos;, revision: &apos;e5c75ed026a&apos;
System info: host: &apos;192-168-1-108.tpgi.com.au&apos;, ip: &apos;fe80:0:0:0:45d:77d3:eb13:49cf%en0&apos;, os.name: &apos;Mac OS X&apos;, os.arch: &apos;x86_64&apos;, os.version: &apos;12.6.3&apos;, java.version: &apos;17.0.5&apos;
Driver info: driver.version: unknown
	at org.openqa.selenium.safari.SafariDriverService.waitUntilAvailable(SafariDriverService.java:75)
	at org.openqa.selenium.remote.service.DriverService.lambda$start$1(DriverService.java:205)
	at java.base/java.util.concurrent.CompletableFuture$AsyncSupply.run(CompletableFuture.java:1768)
	at java.base/java.util.concurrent.ThreadPoolExecutor.runWorker(ThreadPoolExecutor.java:1136)
	at java.base/java.util.concurrent.ThreadPoolExecutor$Worker.run(ThreadPoolExecutor.java:635)
	at java.base/java.lang.Thread.run(Thread.java:833)
Caused by: java.io.UncheckedIOException: java.net.SocketException: Invalid argument
	at org.openqa.selenium.net.PortProber.waitForPortUp(PortProber.java:116)
	at org.openqa.selenium.safari.SafariDriverService.waitUntilAvailable(SafariDriverService.java:73)
	... 5 more
Caused by: java.net.SocketException: Invalid argument
	at java.base/sun.nio.ch.Net.connect0(Native Method)
	at java.base/sun.nio.ch.Net.connect(Net.java:579)
	at java.base/sun.nio.ch.Net.connect(Net.java:568)
	at java.base/sun.nio.ch.NioSocketImpl.connect(NioSocketImpl.java:588)
	at java.base/java.net.SocksSocketImpl.connect(SocksSocketImpl.java:327)
	at java.base/java.net.Socket.connect(Socket.java:633)
	at org.openqa.selenium.net.PortProber.waitForPortUp(PortProber.java:111)
	... 6 more
... Removed 24 stack frames</pre></div><a href='#' onClick='toggleBox("stack-trace1069131391", this, "Click to show all stack frames", "Click to hide stack frames")'>Click to show all stack frames</a>
<div class='stack-trace' id='stack-trace1069131391'><pre>org.openqa.selenium.SessionNotCreatedException: Could not start a new session. Possible causes are invalid address of the remote server or browser start-up failure.
	at org.openqa.selenium.remote.RemoteWebDriver.execute(RemoteWebDriver.java:565)
	at org.openqa.selenium.remote.RemoteWebDriver.startSession(RemoteWebDriver.java:242)
	at org.openqa.selenium.remote.RemoteWebDriver.&lt;init&gt;(RemoteWebDriver.java:157)
	at org.openqa.selenium.safari.SafariDriver.&lt;init&gt;(SafariDriver.java:79)
	at org.openqa.selenium.safari.SafariDriver.&lt;init&gt;(SafariDriver.java:58)
	at org.openqa.selenium.safari.SafariDriver.&lt;init&gt;(SafariDriver.java:49)
	at com.SampleProject.Base.TestBase.beforeTest(TestBase.java:92)
	at java.base/jdk.internal.reflect.NativeMethodAccessorImpl.invoke0(Native Method)
	at java.base/jdk.internal.reflect.NativeMethodAccessorImpl.invoke(NativeMethodAccessorImpl.java:77)
	at java.base/jdk.internal.reflect.DelegatingMethodAccessorImpl.invoke(DelegatingMethodAccessorImpl.java:43)
	at java.base/java.lang.reflect.Method.invoke(Method.java:568)
	at org.testng.internal.MethodInvocationHelper.invokeMethod(MethodInvocationHelper.java:133)
	at org.testng.internal.MethodInvocationHelper.invokeMethodConsideringTimeout(MethodInvocationHelper.java:62)
	at org.testng.internal.ConfigInvoker.invokeConfigurationMethod(ConfigInvoker.java:385)
	at org.testng.internal.ConfigInvoker.invokeConfigurations(ConfigInvoker.java:321)
	at org.testng.TestRunner.invokeTestConfigurations(TestRunner.java:637)
	at org.testng.TestRunner.beforeRun(TestRunner.java:627)
	at org.testng.TestRunner.run(TestRunner.java:589)
	at org.testng.SuiteRunner.runTest(SuiteRunner.java:377)
	at org.testng.SuiteRunner.runSequentially(SuiteRunner.java:371)
	at org.testng.SuiteRunner.privateRun(SuiteRunner.java:332)
	at org.testng.SuiteRunner.run(SuiteRunner.java:276)
	at org.testng.SuiteRunnerWorker.runSuite(SuiteRunnerWorker.java:53)
	at org.testng.SuiteRunnerWorker.run(SuiteRunnerWorker.java:96)
	at org.testng.TestNG.runSuitesSequentially(TestNG.java:1212)
	at org.testng.TestNG.runSuitesLocally(TestNG.java:1134)
	at org.testng.TestNG.runSuites(TestNG.java:1063)
	at org.testng.TestNG.run(TestNG.java:1031)
	at org.testng.remote.AbstractRemoteTestNG.run(AbstractRemoteTestNG.java:115)
	at org.testng.remote.RemoteTestNG.initAndRun(RemoteTestNG.java:251)
	at org.testng.remote.RemoteTestNG.main(RemoteTestNG.java:77)
Caused by: org.openqa.selenium.WebDriverException: Timed out waiting for driver server to start.
Build info: version: &apos;4.4.0&apos;, revision: &apos;e5c75ed026a&apos;
System info: host: &apos;192-168-1-108.tpgi.com.au&apos;, ip: &apos;fe80:0:0:0:45d:77d3:eb13:49cf%en0&apos;, os.name: &apos;Mac OS X&apos;, os.arch: &apos;x86_64&apos;, os.version: &apos;12.6.3&apos;, java.version: &apos;17.0.5&apos;
Driver info: driver.version: SafariDriver
	at org.openqa.selenium.remote.service.DriverService.start(DriverService.java:230)
	at org.openqa.selenium.remote.service.DriverCommandExecutor.execute(DriverCommandExecutor.java:98)
	at org.openqa.selenium.remote.RemoteWebDriver.execute(RemoteWebDriver.java:547)
	... 30 more
Caused by: java.util.concurrent.ExecutionException: org.openqa.selenium.WebDriverException: java.io.UncheckedIOException: java.net.SocketException: Invalid argument
Build info: version: &apos;4.4.0&apos;, revision: &apos;e5c75ed026a&apos;
System info: host: &apos;192-168-1-108.tpgi.com.au&apos;, ip: &apos;fe80:0:0:0:45d:77d3:eb13:49cf%en0&apos;, os.name: &apos;Mac OS X&apos;, os.arch: &apos;x86_64&apos;, os.version: &apos;12.6.3&apos;, java.version: &apos;17.0.5&apos;
Driver info: driver.version: unknown
	at java.base/java.util.concurrent.CompletableFuture.reportGet(CompletableFuture.java:396)
	at java.base/java.util.concurrent.CompletableFuture.get(CompletableFuture.java:2096)
	at org.openqa.selenium.remote.service.DriverService.start(DriverService.java:220)
	... 32 more
Caused by: org.openqa.selenium.WebDriverException: java.io.UncheckedIOException: java.net.SocketException: Invalid argument
Build info: version: &apos;4.4.0&apos;, revision: &apos;e5c75ed026a&apos;
System info: host: &apos;192-168-1-108.tpgi.com.au&apos;, ip: &apos;fe80:0:0:0:45d:77d3:eb13:49cf%en0&apos;, os.name: &apos;Mac OS X&apos;, os.arch: &apos;x86_64&apos;, os.version: &apos;12.6.3&apos;, java.version: &apos;17.0.5&apos;
Driver info: driver.version: unknown
	at org.openqa.selenium.safari.SafariDriverService.waitUntilAvailable(SafariDriverService.java:75)
	at org.openqa.selenium.remote.service.DriverService.lambda$start$1(DriverService.java:205)
	at java.base/java.util.concurrent.CompletableFuture$AsyncSupply.run(CompletableFuture.java:1768)
	at java.base/java.util.concurrent.ThreadPoolExecutor.runWorker(ThreadPoolExecutor.java:1136)
	at java.base/java.util.concurrent.ThreadPoolExecutor$Worker.run(ThreadPoolExecutor.java:635)
	at java.base/java.lang.Thread.run(Thread.java:833)
Caused by: java.io.UncheckedIOException: java.net.SocketException: Invalid argument
	at org.openqa.selenium.net.PortProber.waitForPortUp(PortProber.java:116)
	at org.openqa.selenium.safari.SafariDriverService.waitUntilAvailable(SafariDriverService.java:73)
	... 5 more
Caused by: java.net.SocketException: Invalid argument
	at java.base/sun.nio.ch.Net.connect0(Native Method)
	at java.base/sun.nio.ch.Net.connect(Net.java:579)
	at java.base/sun.nio.ch.Net.connect(Net.java:568)
	at java.base/sun.nio.ch.NioSocketImpl.connect(NioSocketImpl.java:588)
	at java.base/java.net.SocksSocketImpl.connect(SocksSocketImpl.java:327)
	at java.base/java.net.Socket.connect(Socket.java:633)
	at org.openqa.selenium.net.PortProber.waitForPortUp(PortProber.java:111)
	... 6 more
</pre></div></td>
<td>0</td>
<td>com.SampleProject.Base.TestBase@895e367</td></tr>
</table><p>
</body>
</html>